<?xml version="1.0" encoding="UTF-8"?>
<testsuite xmlns:xsi="http://www.w3.org/2001/XMLSchema-instance" xsi:noNamespaceSchemaLocation="https://maven.apache.org/surefire/maven-surefire-plugin/xsd/surefire-test-report.xsd" name="com.pixelcat.velocity.velocity.EntityBuilderTest" time="0.065" tests="1" errors="1" skipped="0" failures="0">
  <properties>
    <property name="java.specification.version" value="14"/>
    <property name="sun.jnu.encoding" value="UTF-8"/>
    <property name="java.class.path" value="/home/berin/Desktop/velocity/target/test-classes:/home/berin/Desktop/velocity/target/classes:/home/berin/.m2/repository/org/apache/commons/commons-lang3/3.11/commons-lang3-3.11.jar:/home/berin/.m2/repository/org/springframework/boot/spring-boot-starter-actuator/2.4.3/spring-boot-starter-actuator-2.4.3.jar:/home/berin/.m2/repository/org/springframework/boot/spring-boot-starter/2.4.3/spring-boot-starter-2.4.3.jar:/home/berin/.m2/repository/org/springframework/boot/spring-boot-starter-logging/2.4.3/spring-boot-starter-logging-2.4.3.jar:/home/berin/.m2/repository/ch/qos/logback/logback-classic/1.2.3/logback-classic-1.2.3.jar:/home/berin/.m2/repository/ch/qos/logback/logback-core/1.2.3/logback-core-1.2.3.jar:/home/berin/.m2/repository/org/apache/logging/log4j/log4j-to-slf4j/2.13.3/log4j-to-slf4j-2.13.3.jar:/home/berin/.m2/repository/org/apache/logging/log4j/log4j-api/2.13.3/log4j-api-2.13.3.jar:/home/berin/.m2/repository/org/slf4j/jul-to-slf4j/1.7.30/jul-to-slf4j-1.7.30.jar:/home/berin/.m2/repository/jakarta/annotation/jakarta.annotation-api/1.3.5/jakarta.annotation-api-1.3.5.jar:/home/berin/.m2/repository/org/springframework/spring-core/5.3.4/spring-core-5.3.4.jar:/home/berin/.m2/repository/org/springframework/spring-jcl/5.3.4/spring-jcl-5.3.4.jar:/home/berin/.m2/repository/org/yaml/snakeyaml/1.27/snakeyaml-1.27.jar:/home/berin/.m2/repository/org/springframework/boot/spring-boot-actuator-autoconfigure/2.4.3/spring-boot-actuator-autoconfigure-2.4.3.jar:/home/berin/.m2/repository/org/springframework/boot/spring-boot-actuator/2.4.3/spring-boot-actuator-2.4.3.jar:/home/berin/.m2/repository/com/fasterxml/jackson/core/jackson-databind/2.11.4/jackson-databind-2.11.4.jar:/home/berin/.m2/repository/com/fasterxml/jackson/core/jackson-annotations/2.11.4/jackson-annotations-2.11.4.jar:/home/berin/.m2/repository/com/fasterxml/jackson/core/jackson-core/2.11.4/jackson-core-2.11.4.jar:/home/berin/.m2/repository/com/fasterxml/jackson/datatype/jackson-datatype-jsr310/2.11.4/jackson-datatype-jsr310-2.11.4.jar:/home/berin/.m2/repository/io/micrometer/micrometer-core/1.6.4/micrometer-core-1.6.4.jar:/home/berin/.m2/repository/org/hdrhistogram/HdrHistogram/2.1.12/HdrHistogram-2.1.12.jar:/home/berin/.m2/repository/org/latencyutils/LatencyUtils/2.0.3/LatencyUtils-2.0.3.jar:/home/berin/.m2/repository/org/springframework/boot/spring-boot-starter-data-jpa/2.4.3/spring-boot-starter-data-jpa-2.4.3.jar:/home/berin/.m2/repository/org/springframework/boot/spring-boot-starter-aop/2.4.3/spring-boot-starter-aop-2.4.3.jar:/home/berin/.m2/repository/org/springframework/spring-aop/5.3.4/spring-aop-5.3.4.jar:/home/berin/.m2/repository/org/aspectj/aspectjweaver/1.9.6/aspectjweaver-1.9.6.jar:/home/berin/.m2/repository/org/springframework/boot/spring-boot-starter-jdbc/2.4.3/spring-boot-starter-jdbc-2.4.3.jar:/home/berin/.m2/repository/com/zaxxer/HikariCP/3.4.5/HikariCP-3.4.5.jar:/home/berin/.m2/repository/org/springframework/spring-jdbc/5.3.4/spring-jdbc-5.3.4.jar:/home/berin/.m2/repository/jakarta/transaction/jakarta.transaction-api/1.3.3/jakarta.transaction-api-1.3.3.jar:/home/berin/.m2/repository/jakarta/persistence/jakarta.persistence-api/2.2.3/jakarta.persistence-api-2.2.3.jar:/home/berin/.m2/repository/org/hibernate/hibernate-core/5.4.28.Final/hibernate-core-5.4.28.Final.jar:/home/berin/.m2/repository/org/jboss/logging/jboss-logging/3.4.1.Final/jboss-logging-3.4.1.Final.jar:/home/berin/.m2/repository/org/javassist/javassist/3.27.0-GA/javassist-3.27.0-GA.jar:/home/berin/.m2/repository/net/bytebuddy/byte-buddy/1.10.20/byte-buddy-1.10.20.jar:/home/berin/.m2/repository/antlr/antlr/2.7.7/antlr-2.7.7.jar:/home/berin/.m2/repository/org/jboss/jandex/2.2.3.Final/jandex-2.2.3.Final.jar:/home/berin/.m2/repository/com/fasterxml/classmate/1.5.1/classmate-1.5.1.jar:/home/berin/.m2/repository/org/dom4j/dom4j/2.1.3/dom4j-2.1.3.jar:/home/berin/.m2/repository/org/hibernate/common/hibernate-commons-annotations/5.1.2.Final/hibernate-commons-annotations-5.1.2.Final.jar:/home/berin/.m2/repository/org/glassfish/jaxb/jaxb-runtime/2.3.3/jaxb-runtime-2.3.3.jar:/home/berin/.m2/repository/jakarta/xml/bind/jakarta.xml.bind-api/2.3.3/jakarta.xml.bind-api-2.3.3.jar:/home/berin/.m2/repository/org/glassfish/jaxb/txw2/2.3.3/txw2-2.3.3.jar:/home/berin/.m2/repository/com/sun/istack/istack-commons-runtime/3.0.11/istack-commons-runtime-3.0.11.jar:/home/berin/.m2/repository/com/sun/activation/jakarta.activation/1.2.2/jakarta.activation-1.2.2.jar:/home/berin/.m2/repository/org/springframework/data/spring-data-jpa/2.4.5/spring-data-jpa-2.4.5.jar:/home/berin/.m2/repository/org/springframework/data/spring-data-commons/2.4.5/spring-data-commons-2.4.5.jar:/home/berin/.m2/repository/org/springframework/spring-orm/5.3.4/spring-orm-5.3.4.jar:/home/berin/.m2/repository/org/springframework/spring-context/5.3.4/spring-context-5.3.4.jar:/home/berin/.m2/repository/org/springframework/spring-tx/5.3.4/spring-tx-5.3.4.jar:/home/berin/.m2/repository/org/springframework/spring-beans/5.3.4/spring-beans-5.3.4.jar:/home/berin/.m2/repository/org/slf4j/slf4j-api/1.7.30/slf4j-api-1.7.30.jar:/home/berin/.m2/repository/org/springframework/spring-aspects/5.3.4/spring-aspects-5.3.4.jar:/home/berin/.m2/repository/org/springframework/boot/spring-boot-starter-data-redis/2.4.3/spring-boot-starter-data-redis-2.4.3.jar:/home/berin/.m2/repository/org/springframework/data/spring-data-redis/2.4.5/spring-data-redis-2.4.5.jar:/home/berin/.m2/repository/org/springframework/data/spring-data-keyvalue/2.4.5/spring-data-keyvalue-2.4.5.jar:/home/berin/.m2/repository/org/springframework/spring-oxm/5.3.4/spring-oxm-5.3.4.jar:/home/berin/.m2/repository/org/springframework/spring-context-support/5.3.4/spring-context-support-5.3.4.jar:/home/berin/.m2/repository/io/lettuce/lettuce-core/6.0.2.RELEASE/lettuce-core-6.0.2.RELEASE.jar:/home/berin/.m2/repository/io/netty/netty-common/4.1.59.Final/netty-common-4.1.59.Final.jar:/home/berin/.m2/repository/io/netty/netty-handler/4.1.59.Final/netty-handler-4.1.59.Final.jar:/home/berin/.m2/repository/io/netty/netty-resolver/4.1.59.Final/netty-resolver-4.1.59.Final.jar:/home/berin/.m2/repository/io/netty/netty-buffer/4.1.59.Final/netty-buffer-4.1.59.Final.jar:/home/berin/.m2/repository/io/netty/netty-codec/4.1.59.Final/netty-codec-4.1.59.Final.jar:/home/berin/.m2/repository/io/netty/netty-transport/4.1.59.Final/netty-transport-4.1.59.Final.jar:/home/berin/.m2/repository/org/springframework/boot/spring-boot-starter-web/2.4.3/spring-boot-starter-web-2.4.3.jar:/home/berin/.m2/repository/org/springframework/boot/spring-boot-starter-json/2.4.3/spring-boot-starter-json-2.4.3.jar:/home/berin/.m2/repository/com/fasterxml/jackson/datatype/jackson-datatype-jdk8/2.11.4/jackson-datatype-jdk8-2.11.4.jar:/home/berin/.m2/repository/com/fasterxml/jackson/module/jackson-module-parameter-names/2.11.4/jackson-module-parameter-names-2.11.4.jar:/home/berin/.m2/repository/org/springframework/boot/spring-boot-starter-tomcat/2.4.3/spring-boot-starter-tomcat-2.4.3.jar:/home/berin/.m2/repository/org/apache/tomcat/embed/tomcat-embed-core/9.0.43/tomcat-embed-core-9.0.43.jar:/home/berin/.m2/repository/org/glassfish/jakarta.el/3.0.3/jakarta.el-3.0.3.jar:/home/berin/.m2/repository/org/apache/tomcat/embed/tomcat-embed-websocket/9.0.43/tomcat-embed-websocket-9.0.43.jar:/home/berin/.m2/repository/org/springframework/spring-web/5.3.4/spring-web-5.3.4.jar:/home/berin/.m2/repository/org/springframework/spring-webmvc/5.3.4/spring-webmvc-5.3.4.jar:/home/berin/.m2/repository/org/springframework/spring-expression/5.3.4/spring-expression-5.3.4.jar:/home/berin/.m2/repository/org/springframework/boot/spring-boot-starter-webflux/2.4.3/spring-boot-starter-webflux-2.4.3.jar:/home/berin/.m2/repository/org/springframework/boot/spring-boot-starter-reactor-netty/2.4.3/spring-boot-starter-reactor-netty-2.4.3.jar:/home/berin/.m2/repository/io/projectreactor/netty/reactor-netty-http/1.0.4/reactor-netty-http-1.0.4.jar:/home/berin/.m2/repository/io/netty/netty-codec-http/4.1.59.Final/netty-codec-http-4.1.59.Final.jar:/home/berin/.m2/repository/io/netty/netty-codec-http2/4.1.59.Final/netty-codec-http2-4.1.59.Final.jar:/home/berin/.m2/repository/io/netty/netty-resolver-dns/4.1.59.Final/netty-resolver-dns-4.1.59.Final.jar:/home/berin/.m2/repository/io/netty/netty-codec-dns/4.1.59.Final/netty-codec-dns-4.1.59.Final.jar:/home/berin/.m2/repository/io/netty/netty-resolver-dns-native-macos/4.1.59.Final/netty-resolver-dns-native-macos-4.1.59.Final-osx-x86_64.jar:/home/berin/.m2/repository/io/netty/netty-transport-native-unix-common/4.1.59.Final/netty-transport-native-unix-common-4.1.59.Final.jar:/home/berin/.m2/repository/io/netty/netty-transport-native-epoll/4.1.59.Final/netty-transport-native-epoll-4.1.59.Final-linux-x86_64.jar:/home/berin/.m2/repository/io/projectreactor/netty/reactor-netty-core/1.0.4/reactor-netty-core-1.0.4.jar:/home/berin/.m2/repository/io/netty/netty-handler-proxy/4.1.59.Final/netty-handler-proxy-4.1.59.Final.jar:/home/berin/.m2/repository/io/netty/netty-codec-socks/4.1.59.Final/netty-codec-socks-4.1.59.Final.jar:/home/berin/.m2/repository/org/springframework/spring-webflux/5.3.4/spring-webflux-5.3.4.jar:/home/berin/.m2/repository/junit/junit/4.13.2/junit-4.13.2.jar:/home/berin/.m2/repository/org/hamcrest/hamcrest-core/2.2/hamcrest-core-2.2.jar:/home/berin/.m2/repository/org/hamcrest/hamcrest/2.2/hamcrest-2.2.jar:/home/berin/.m2/repository/org/springframework/boot/spring-boot-devtools/2.4.3/spring-boot-devtools-2.4.3.jar:/home/berin/.m2/repository/org/springframework/boot/spring-boot/2.4.3/spring-boot-2.4.3.jar:/home/berin/.m2/repository/org/springframework/boot/spring-boot-autoconfigure/2.4.3/spring-boot-autoconfigure-2.4.3.jar:/home/berin/.m2/repository/org/springframework/boot/spring-boot-configuration-processor/2.4.3/spring-boot-configuration-processor-2.4.3.jar:/home/berin/.m2/repository/io/projectreactor/reactor-test/3.4.3/reactor-test-3.4.3.jar:/home/berin/.m2/repository/io/projectreactor/reactor-core/3.4.3/reactor-core-3.4.3.jar:/home/berin/.m2/repository/org/reactivestreams/reactive-streams/1.0.3/reactive-streams-1.0.3.jar:/home/berin/.m2/repository/org/projectlombok/lombok/1.18.18/lombok-1.18.18.jar:/home/berin/.m2/repository/org/apache/maven/plugins/maven-surefire-plugin/3.0.0-M5/maven-surefire-plugin-3.0.0-M5.jar:/home/berin/.m2/repository/org/apache/maven/surefire/maven-surefire-common/3.0.0-M5/maven-surefire-common-3.0.0-M5.jar:/home/berin/.m2/repository/org/apache/maven/surefire/surefire-api/3.0.0-M5/surefire-api-3.0.0-M5.jar:/home/berin/.m2/repository/org/apache/maven/surefire/surefire-logger-api/3.0.0-M5/surefire-logger-api-3.0.0-M5.jar:/home/berin/.m2/repository/org/apache/maven/surefire/surefire-extensions-api/3.0.0-M5/surefire-extensions-api-3.0.0-M5.jar:/home/berin/.m2/repository/org/apache/maven/surefire/surefire-booter/3.0.0-M5/surefire-booter-3.0.0-M5.jar:/home/berin/.m2/repository/org/apache/maven/surefire/surefire-extensions-spi/3.0.0-M5/surefire-extensions-spi-3.0.0-M5.jar:/home/berin/.m2/repository/org/apache/maven/maven-toolchain/3.0-alpha-2/maven-toolchain-3.0-alpha-2.jar:/home/berin/.m2/repository/org/apache/maven/shared/maven-artifact-transfer/0.11.0/maven-artifact-transfer-0.11.0.jar:/home/berin/.m2/repository/org/apache/maven/shared/maven-common-artifact-filters/3.0.1/maven-common-artifact-filters-3.0.1.jar:/home/berin/.m2/repository/org/apache/maven/maven-model/3.0/maven-model-3.0.jar:/home/berin/.m2/repository/org/apache/maven/maven-plugin-api/3.0/maven-plugin-api-3.0.jar:/home/berin/.m2/repository/org/sonatype/sisu/sisu-inject-plexus/1.4.2/sisu-inject-plexus-1.4.2.jar:/home/berin/.m2/repository/org/codehaus/plexus/plexus-classworlds/2.2.3/plexus-classworlds-2.2.3.jar:/home/berin/.m2/repository/org/sonatype/sisu/sisu-inject-bean/1.4.2/sisu-inject-bean-1.4.2.jar:/home/berin/.m2/repository/org/sonatype/sisu/sisu-guice/2.1.7/sisu-guice-2.1.7-noaop.jar:/home/berin/.m2/repository/org/apache/maven/shared/maven-shared-utils/3.1.0/maven-shared-utils-3.1.0.jar:/home/berin/.m2/repository/commons-io/commons-io/2.5/commons-io-2.5.jar:/home/berin/.m2/repository/commons-codec/commons-codec/1.15/commons-codec-1.15.jar:/home/berin/.m2/repository/org/codehaus/plexus/plexus-java/1.0.5/plexus-java-1.0.5.jar:/home/berin/.m2/repository/org/ow2/asm/asm/7.2/asm-7.2.jar:/home/berin/.m2/repository/com/thoughtworks/qdox/qdox/2.0-M9/qdox-2.0-M9.jar:/home/berin/.m2/repository/org/apache/maven/surefire/surefire-shared-utils/3.0.0-M4/surefire-shared-utils-3.0.0-M4.jar:/home/berin/.m2/repository/com/h2database/h2/1.4.200/h2-1.4.200.jar:"/>
    <property name="java.vm.vendor" value="Oracle Corporation"/>
    <property name="sun.arch.data.model" value="64"/>
    <property name="java.vendor.url" value="https://java.oracle.com/"/>
    <property name="os.name" value="Linux"/>
    <property name="java.vm.specification.version" value="14"/>
    <property name="sun.java.launcher" value="SUN_STANDARD"/>
    <property name="user.country" value="US"/>
    <property name="sun.boot.library.path" value="/usr/lib/jvm/java-14-oracle/lib"/>
    <property name="sun.java.command" value="/home/berin/Desktop/velocity/target/surefire/surefirebooter4392297542045516437.jar /home/berin/Desktop/velocity/target/surefire 2021-02-24T09-09-18_117-jvmRun1 surefire8508272600679186642tmp surefire_013105147309457858339tmp"/>
    <property name="jdk.debug" value="release"/>
    <property name="surefire.test.class.path" value="/home/berin/Desktop/velocity/target/test-classes:/home/berin/Desktop/velocity/target/classes:/home/berin/.m2/repository/org/apache/commons/commons-lang3/3.11/commons-lang3-3.11.jar:/home/berin/.m2/repository/org/springframework/boot/spring-boot-starter-actuator/2.4.3/spring-boot-starter-actuator-2.4.3.jar:/home/berin/.m2/repository/org/springframework/boot/spring-boot-starter/2.4.3/spring-boot-starter-2.4.3.jar:/home/berin/.m2/repository/org/springframework/boot/spring-boot-starter-logging/2.4.3/spring-boot-starter-logging-2.4.3.jar:/home/berin/.m2/repository/ch/qos/logback/logback-classic/1.2.3/logback-classic-1.2.3.jar:/home/berin/.m2/repository/ch/qos/logback/logback-core/1.2.3/logback-core-1.2.3.jar:/home/berin/.m2/repository/org/apache/logging/log4j/log4j-to-slf4j/2.13.3/log4j-to-slf4j-2.13.3.jar:/home/berin/.m2/repository/org/apache/logging/log4j/log4j-api/2.13.3/log4j-api-2.13.3.jar:/home/berin/.m2/repository/org/slf4j/jul-to-slf4j/1.7.30/jul-to-slf4j-1.7.30.jar:/home/berin/.m2/repository/jakarta/annotation/jakarta.annotation-api/1.3.5/jakarta.annotation-api-1.3.5.jar:/home/berin/.m2/repository/org/springframework/spring-core/5.3.4/spring-core-5.3.4.jar:/home/berin/.m2/repository/org/springframework/spring-jcl/5.3.4/spring-jcl-5.3.4.jar:/home/berin/.m2/repository/org/yaml/snakeyaml/1.27/snakeyaml-1.27.jar:/home/berin/.m2/repository/org/springframework/boot/spring-boot-actuator-autoconfigure/2.4.3/spring-boot-actuator-autoconfigure-2.4.3.jar:/home/berin/.m2/repository/org/springframework/boot/spring-boot-actuator/2.4.3/spring-boot-actuator-2.4.3.jar:/home/berin/.m2/repository/com/fasterxml/jackson/core/jackson-databind/2.11.4/jackson-databind-2.11.4.jar:/home/berin/.m2/repository/com/fasterxml/jackson/core/jackson-annotations/2.11.4/jackson-annotations-2.11.4.jar:/home/berin/.m2/repository/com/fasterxml/jackson/core/jackson-core/2.11.4/jackson-core-2.11.4.jar:/home/berin/.m2/repository/com/fasterxml/jackson/datatype/jackson-datatype-jsr310/2.11.4/jackson-datatype-jsr310-2.11.4.jar:/home/berin/.m2/repository/io/micrometer/micrometer-core/1.6.4/micrometer-core-1.6.4.jar:/home/berin/.m2/repository/org/hdrhistogram/HdrHistogram/2.1.12/HdrHistogram-2.1.12.jar:/home/berin/.m2/repository/org/latencyutils/LatencyUtils/2.0.3/LatencyUtils-2.0.3.jar:/home/berin/.m2/repository/org/springframework/boot/spring-boot-starter-data-jpa/2.4.3/spring-boot-starter-data-jpa-2.4.3.jar:/home/berin/.m2/repository/org/springframework/boot/spring-boot-starter-aop/2.4.3/spring-boot-starter-aop-2.4.3.jar:/home/berin/.m2/repository/org/springframework/spring-aop/5.3.4/spring-aop-5.3.4.jar:/home/berin/.m2/repository/org/aspectj/aspectjweaver/1.9.6/aspectjweaver-1.9.6.jar:/home/berin/.m2/repository/org/springframework/boot/spring-boot-starter-jdbc/2.4.3/spring-boot-starter-jdbc-2.4.3.jar:/home/berin/.m2/repository/com/zaxxer/HikariCP/3.4.5/HikariCP-3.4.5.jar:/home/berin/.m2/repository/org/springframework/spring-jdbc/5.3.4/spring-jdbc-5.3.4.jar:/home/berin/.m2/repository/jakarta/transaction/jakarta.transaction-api/1.3.3/jakarta.transaction-api-1.3.3.jar:/home/berin/.m2/repository/jakarta/persistence/jakarta.persistence-api/2.2.3/jakarta.persistence-api-2.2.3.jar:/home/berin/.m2/repository/org/hibernate/hibernate-core/5.4.28.Final/hibernate-core-5.4.28.Final.jar:/home/berin/.m2/repository/org/jboss/logging/jboss-logging/3.4.1.Final/jboss-logging-3.4.1.Final.jar:/home/berin/.m2/repository/org/javassist/javassist/3.27.0-GA/javassist-3.27.0-GA.jar:/home/berin/.m2/repository/net/bytebuddy/byte-buddy/1.10.20/byte-buddy-1.10.20.jar:/home/berin/.m2/repository/antlr/antlr/2.7.7/antlr-2.7.7.jar:/home/berin/.m2/repository/org/jboss/jandex/2.2.3.Final/jandex-2.2.3.Final.jar:/home/berin/.m2/repository/com/fasterxml/classmate/1.5.1/classmate-1.5.1.jar:/home/berin/.m2/repository/org/dom4j/dom4j/2.1.3/dom4j-2.1.3.jar:/home/berin/.m2/repository/org/hibernate/common/hibernate-commons-annotations/5.1.2.Final/hibernate-commons-annotations-5.1.2.Final.jar:/home/berin/.m2/repository/org/glassfish/jaxb/jaxb-runtime/2.3.3/jaxb-runtime-2.3.3.jar:/home/berin/.m2/repository/jakarta/xml/bind/jakarta.xml.bind-api/2.3.3/jakarta.xml.bind-api-2.3.3.jar:/home/berin/.m2/repository/org/glassfish/jaxb/txw2/2.3.3/txw2-2.3.3.jar:/home/berin/.m2/repository/com/sun/istack/istack-commons-runtime/3.0.11/istack-commons-runtime-3.0.11.jar:/home/berin/.m2/repository/com/sun/activation/jakarta.activation/1.2.2/jakarta.activation-1.2.2.jar:/home/berin/.m2/repository/org/springframework/data/spring-data-jpa/2.4.5/spring-data-jpa-2.4.5.jar:/home/berin/.m2/repository/org/springframework/data/spring-data-commons/2.4.5/spring-data-commons-2.4.5.jar:/home/berin/.m2/repository/org/springframework/spring-orm/5.3.4/spring-orm-5.3.4.jar:/home/berin/.m2/repository/org/springframework/spring-context/5.3.4/spring-context-5.3.4.jar:/home/berin/.m2/repository/org/springframework/spring-tx/5.3.4/spring-tx-5.3.4.jar:/home/berin/.m2/repository/org/springframework/spring-beans/5.3.4/spring-beans-5.3.4.jar:/home/berin/.m2/repository/org/slf4j/slf4j-api/1.7.30/slf4j-api-1.7.30.jar:/home/berin/.m2/repository/org/springframework/spring-aspects/5.3.4/spring-aspects-5.3.4.jar:/home/berin/.m2/repository/org/springframework/boot/spring-boot-starter-data-redis/2.4.3/spring-boot-starter-data-redis-2.4.3.jar:/home/berin/.m2/repository/org/springframework/data/spring-data-redis/2.4.5/spring-data-redis-2.4.5.jar:/home/berin/.m2/repository/org/springframework/data/spring-data-keyvalue/2.4.5/spring-data-keyvalue-2.4.5.jar:/home/berin/.m2/repository/org/springframework/spring-oxm/5.3.4/spring-oxm-5.3.4.jar:/home/berin/.m2/repository/org/springframework/spring-context-support/5.3.4/spring-context-support-5.3.4.jar:/home/berin/.m2/repository/io/lettuce/lettuce-core/6.0.2.RELEASE/lettuce-core-6.0.2.RELEASE.jar:/home/berin/.m2/repository/io/netty/netty-common/4.1.59.Final/netty-common-4.1.59.Final.jar:/home/berin/.m2/repository/io/netty/netty-handler/4.1.59.Final/netty-handler-4.1.59.Final.jar:/home/berin/.m2/repository/io/netty/netty-resolver/4.1.59.Final/netty-resolver-4.1.59.Final.jar:/home/berin/.m2/repository/io/netty/netty-buffer/4.1.59.Final/netty-buffer-4.1.59.Final.jar:/home/berin/.m2/repository/io/netty/netty-codec/4.1.59.Final/netty-codec-4.1.59.Final.jar:/home/berin/.m2/repository/io/netty/netty-transport/4.1.59.Final/netty-transport-4.1.59.Final.jar:/home/berin/.m2/repository/org/springframework/boot/spring-boot-starter-web/2.4.3/spring-boot-starter-web-2.4.3.jar:/home/berin/.m2/repository/org/springframework/boot/spring-boot-starter-json/2.4.3/spring-boot-starter-json-2.4.3.jar:/home/berin/.m2/repository/com/fasterxml/jackson/datatype/jackson-datatype-jdk8/2.11.4/jackson-datatype-jdk8-2.11.4.jar:/home/berin/.m2/repository/com/fasterxml/jackson/module/jackson-module-parameter-names/2.11.4/jackson-module-parameter-names-2.11.4.jar:/home/berin/.m2/repository/org/springframework/boot/spring-boot-starter-tomcat/2.4.3/spring-boot-starter-tomcat-2.4.3.jar:/home/berin/.m2/repository/org/apache/tomcat/embed/tomcat-embed-core/9.0.43/tomcat-embed-core-9.0.43.jar:/home/berin/.m2/repository/org/glassfish/jakarta.el/3.0.3/jakarta.el-3.0.3.jar:/home/berin/.m2/repository/org/apache/tomcat/embed/tomcat-embed-websocket/9.0.43/tomcat-embed-websocket-9.0.43.jar:/home/berin/.m2/repository/org/springframework/spring-web/5.3.4/spring-web-5.3.4.jar:/home/berin/.m2/repository/org/springframework/spring-webmvc/5.3.4/spring-webmvc-5.3.4.jar:/home/berin/.m2/repository/org/springframework/spring-expression/5.3.4/spring-expression-5.3.4.jar:/home/berin/.m2/repository/org/springframework/boot/spring-boot-starter-webflux/2.4.3/spring-boot-starter-webflux-2.4.3.jar:/home/berin/.m2/repository/org/springframework/boot/spring-boot-starter-reactor-netty/2.4.3/spring-boot-starter-reactor-netty-2.4.3.jar:/home/berin/.m2/repository/io/projectreactor/netty/reactor-netty-http/1.0.4/reactor-netty-http-1.0.4.jar:/home/berin/.m2/repository/io/netty/netty-codec-http/4.1.59.Final/netty-codec-http-4.1.59.Final.jar:/home/berin/.m2/repository/io/netty/netty-codec-http2/4.1.59.Final/netty-codec-http2-4.1.59.Final.jar:/home/berin/.m2/repository/io/netty/netty-resolver-dns/4.1.59.Final/netty-resolver-dns-4.1.59.Final.jar:/home/berin/.m2/repository/io/netty/netty-codec-dns/4.1.59.Final/netty-codec-dns-4.1.59.Final.jar:/home/berin/.m2/repository/io/netty/netty-resolver-dns-native-macos/4.1.59.Final/netty-resolver-dns-native-macos-4.1.59.Final-osx-x86_64.jar:/home/berin/.m2/repository/io/netty/netty-transport-native-unix-common/4.1.59.Final/netty-transport-native-unix-common-4.1.59.Final.jar:/home/berin/.m2/repository/io/netty/netty-transport-native-epoll/4.1.59.Final/netty-transport-native-epoll-4.1.59.Final-linux-x86_64.jar:/home/berin/.m2/repository/io/projectreactor/netty/reactor-netty-core/1.0.4/reactor-netty-core-1.0.4.jar:/home/berin/.m2/repository/io/netty/netty-handler-proxy/4.1.59.Final/netty-handler-proxy-4.1.59.Final.jar:/home/berin/.m2/repository/io/netty/netty-codec-socks/4.1.59.Final/netty-codec-socks-4.1.59.Final.jar:/home/berin/.m2/repository/org/springframework/spring-webflux/5.3.4/spring-webflux-5.3.4.jar:/home/berin/.m2/repository/junit/junit/4.13.2/junit-4.13.2.jar:/home/berin/.m2/repository/org/hamcrest/hamcrest-core/2.2/hamcrest-core-2.2.jar:/home/berin/.m2/repository/org/hamcrest/hamcrest/2.2/hamcrest-2.2.jar:/home/berin/.m2/repository/org/springframework/boot/spring-boot-devtools/2.4.3/spring-boot-devtools-2.4.3.jar:/home/berin/.m2/repository/org/springframework/boot/spring-boot/2.4.3/spring-boot-2.4.3.jar:/home/berin/.m2/repository/org/springframework/boot/spring-boot-autoconfigure/2.4.3/spring-boot-autoconfigure-2.4.3.jar:/home/berin/.m2/repository/org/springframework/boot/spring-boot-configuration-processor/2.4.3/spring-boot-configuration-processor-2.4.3.jar:/home/berin/.m2/repository/io/projectreactor/reactor-test/3.4.3/reactor-test-3.4.3.jar:/home/berin/.m2/repository/io/projectreactor/reactor-core/3.4.3/reactor-core-3.4.3.jar:/home/berin/.m2/repository/org/reactivestreams/reactive-streams/1.0.3/reactive-streams-1.0.3.jar:/home/berin/.m2/repository/org/projectlombok/lombok/1.18.18/lombok-1.18.18.jar:/home/berin/.m2/repository/org/apache/maven/plugins/maven-surefire-plugin/3.0.0-M5/maven-surefire-plugin-3.0.0-M5.jar:/home/berin/.m2/repository/org/apache/maven/surefire/maven-surefire-common/3.0.0-M5/maven-surefire-common-3.0.0-M5.jar:/home/berin/.m2/repository/org/apache/maven/surefire/surefire-api/3.0.0-M5/surefire-api-3.0.0-M5.jar:/home/berin/.m2/repository/org/apache/maven/surefire/surefire-logger-api/3.0.0-M5/surefire-logger-api-3.0.0-M5.jar:/home/berin/.m2/repository/org/apache/maven/surefire/surefire-extensions-api/3.0.0-M5/surefire-extensions-api-3.0.0-M5.jar:/home/berin/.m2/repository/org/apache/maven/surefire/surefire-booter/3.0.0-M5/surefire-booter-3.0.0-M5.jar:/home/berin/.m2/repository/org/apache/maven/surefire/surefire-extensions-spi/3.0.0-M5/surefire-extensions-spi-3.0.0-M5.jar:/home/berin/.m2/repository/org/apache/maven/maven-toolchain/3.0-alpha-2/maven-toolchain-3.0-alpha-2.jar:/home/berin/.m2/repository/org/apache/maven/shared/maven-artifact-transfer/0.11.0/maven-artifact-transfer-0.11.0.jar:/home/berin/.m2/repository/org/apache/maven/shared/maven-common-artifact-filters/3.0.1/maven-common-artifact-filters-3.0.1.jar:/home/berin/.m2/repository/org/apache/maven/maven-model/3.0/maven-model-3.0.jar:/home/berin/.m2/repository/org/apache/maven/maven-plugin-api/3.0/maven-plugin-api-3.0.jar:/home/berin/.m2/repository/org/sonatype/sisu/sisu-inject-plexus/1.4.2/sisu-inject-plexus-1.4.2.jar:/home/berin/.m2/repository/org/codehaus/plexus/plexus-classworlds/2.2.3/plexus-classworlds-2.2.3.jar:/home/berin/.m2/repository/org/sonatype/sisu/sisu-inject-bean/1.4.2/sisu-inject-bean-1.4.2.jar:/home/berin/.m2/repository/org/sonatype/sisu/sisu-guice/2.1.7/sisu-guice-2.1.7-noaop.jar:/home/berin/.m2/repository/org/apache/maven/shared/maven-shared-utils/3.1.0/maven-shared-utils-3.1.0.jar:/home/berin/.m2/repository/commons-io/commons-io/2.5/commons-io-2.5.jar:/home/berin/.m2/repository/commons-codec/commons-codec/1.15/commons-codec-1.15.jar:/home/berin/.m2/repository/org/codehaus/plexus/plexus-java/1.0.5/plexus-java-1.0.5.jar:/home/berin/.m2/repository/org/ow2/asm/asm/7.2/asm-7.2.jar:/home/berin/.m2/repository/com/thoughtworks/qdox/qdox/2.0-M9/qdox-2.0-M9.jar:/home/berin/.m2/repository/org/apache/maven/surefire/surefire-shared-utils/3.0.0-M4/surefire-shared-utils-3.0.0-M4.jar:/home/berin/.m2/repository/com/h2database/h2/1.4.200/h2-1.4.200.jar:"/>
    <property name="sun.cpu.endian" value="little"/>
    <property name="user.home" value="/home/berin"/>
    <property name="user.language" value="en"/>
    <property name="java.specification.vendor" value="Oracle Corporation"/>
    <property name="java.version.date" value="2020-07-14"/>
    <property name="java.home" value="/usr/lib/jvm/java-14-oracle"/>
    <property name="file.separator" value="/"/>
    <property name="basedir" value="/home/berin/Desktop/velocity"/>
    <property name="java.vm.compressedOopsMode" value="32-bit"/>
    <property name="line.separator" value="&#10;"/>
    <property name="java.vm.specification.vendor" value="Oracle Corporation"/>
    <property name="java.specification.name" value="Java Platform API Specification"/>
    <property name="surefire.real.class.path" value="/home/berin/Desktop/velocity/target/surefire/surefirebooter4392297542045516437.jar"/>
    <property name="sun.management.compiler" value="HotSpot 64-Bit Tiered Compilers"/>
    <property name="java.runtime.version" value="14.0.2+12-46"/>
    <property name="user.name" value="berin"/>
    <property name="path.separator" value=":"/>
    <property name="os.version" value="5.4.0-58-generic"/>
    <property name="java.runtime.name" value="Java(TM) SE Runtime Environment"/>
    <property name="file.encoding" value="UTF-8"/>
    <property name="java.vm.name" value="Java HotSpot(TM) 64-Bit Server VM"/>
    <property name="localRepository" value="/home/berin/.m2/repository"/>
    <property name="java.vendor.url.bug" value="https://bugreport.java.com/bugreport/"/>
    <property name="java.io.tmpdir" value="/tmp"/>
    <property name="java.version" value="14.0.2"/>
    <property name="user.dir" value="/home/berin/Desktop/velocity"/>
    <property name="os.arch" value="amd64"/>
    <property name="java.vm.specification.name" value="Java Virtual Machine Specification"/>
    <property name="java.library.path" value="/usr/java/packages/lib:/usr/lib64:/lib64:/lib:/usr/lib"/>
    <property name="java.vm.info" value="mixed mode, sharing"/>
    <property name="java.vendor" value="Oracle Corporation"/>
    <property name="java.vm.version" value="14.0.2+12-46"/>
    <property name="sun.io.unicode.encoding" value="UnicodeLittle"/>
    <property name="java.class.version" value="58.0"/>
  </properties>
  <testcase name="initializationError" classname="com.pixelcat.velocity.velocity.EntityBuilderTest" time="0.007">
    <error message="Invalid test class &apos;com.pixelcat.velocity.velocity.EntityBuilderTest&apos;:&#10;  1. Method testString() should not be static" type="org.junit.runners.model.InvalidTestClassError">org.junit.runners.model.InvalidTestClassError: 
Invalid test class 'com.pixelcat.velocity.velocity.EntityBuilderTest':
  1. Method testString() should not be static
</error>
  </testcase>
</testsuite>